Pig Stack Trace
---------------
ERROR 1200: <file /home/nadir/Bureau/tutorials-master/Pig_for_Beginners/BookXGroupByYear.pig, line 6, column 0>  mismatched input 'DUMP' expecting SEMI_COLON

org.apache.pig.impl.logicalLayer.FrontendException: ERROR 1000: Error during parsing. <file /home/nadir/Bureau/tutorials-master/Pig_for_Beginners/BookXGroupByYear.pig, line 6, column 0>  mismatched input 'DUMP' expecting SEMI_COLON
	at org.apache.pig.PigServer$Graph.parseQuery(PigServer.java:1748)
	at org.apache.pig.PigServer$Graph.access$000(PigServer.java:1443)
	at org.apache.pig.PigServer.parseAndBuild(PigServer.java:387)
	at org.apache.pig.PigServer.executeBatch(PigServer.java:412)
	at org.apache.pig.PigServer.executeBatch(PigServer.java:398)
	at org.apache.pig.tools.grunt.GruntParser.executeBatch(GruntParser.java:171)
	at org.apache.pig.tools.grunt.GruntParser.parseStopOnError(GruntParser.java:234)
	at org.apache.pig.tools.grunt.GruntParser.parseStopOnError(GruntParser.java:205)
	at org.apache.pig.tools.grunt.Grunt.exec(Grunt.java:81)
	at org.apache.pig.Main.run(Main.java:624)
	at org.apache.pig.Main.main(Main.java:170)
	at sun.reflect.NativeMethodAccessorImpl.invoke0(Native Method)
	at sun.reflect.NativeMethodAccessorImpl.invoke(NativeMethodAccessorImpl.java:57)
	at sun.reflect.DelegatingMethodAccessorImpl.invoke(DelegatingMethodAccessorImpl.java:43)
	at java.lang.reflect.Method.invoke(Method.java:606)
	at org.apache.hadoop.util.RunJar.run(RunJar.java:221)
	at org.apache.hadoop.util.RunJar.main(RunJar.java:136)
Caused by: Failed to parse: <file /home/nadir/Bureau/tutorials-master/Pig_for_Beginners/BookXGroupByYear.pig, line 6, column 0>  mismatched input 'DUMP' expecting SEMI_COLON
	at org.apache.pig.parser.QueryParserDriver.parse(QueryParserDriver.java:244)
	at org.apache.pig.parser.QueryParserDriver.parse(QueryParserDriver.java:182)
	at org.apache.pig.PigServer$Graph.parseQuery(PigServer.java:1735)
	... 16 more
================================================================================
