2015-07-29 10:48:42,012 INFO org.apache.hadoop.mapreduce.v2.hs.JobHistoryServer: STARTUP_MSG: 
/************************************************************
STARTUP_MSG: Starting JobHistoryServer
STARTUP_MSG:   host = morfus/127.0.1.1
STARTUP_MSG:   args = []
STARTUP_MSG:   version = 2.7.1
STARTUP_MSG:   classpath = /usr/local/hadoop/etc/hadoop:/usr/local/hadoop/share/hadoop/common/lib/commons-logging-1.1.3.jar:/usr/local/hadoop/share/hadoop/common/lib/servlet-api-2.5.jar:/usr/local/hadoop/share/hadoop/common/lib/jaxb-impl-2.2.3-1.jar:/usr/local/hadoop/share/hadoop/common/lib/paranamer-2.3.jar:/usr/local/hadoop/share/hadoop/common/lib/stax-api-1.0-2.jar:/usr/local/hadoop/share/hadoop/common/lib/mockito-all-1.8.5.jar:/usr/local/hadoop/share/hadoop/common/lib/commons-beanutils-1.7.0.jar:/usr/local/hadoop/share/hadoop/common/lib/xmlenc-0.52.jar:/usr/local/hadoop/share/hadoop/common/lib/api-util-1.0.0-M20.jar:/usr/local/hadoop/share/hadoop/common/lib/curator-recipes-2.7.1.jar:/usr/local/hadoop/share/hadoop/common/lib/commons-configuration-1.6.jar:/usr/local/hadoop/share/hadoop/common/lib/jetty-util-6.1.26.jar:/usr/local/hadoop/share/hadoop/common/lib/curator-framework-2.7.1.jar:/usr/local/hadoop/share/hadoop/common/lib/commons-codec-1.4.jar:/usr/local/hadoop/share/hadoop/common/lib/commons-beanutils-core-1.8.0.jar:/usr/local/hadoop/share/hadoop/common/lib/commons-math3-3.1.1.jar:/usr/local/hadoop/share/hadoop/common/lib/hadoop-annotations-2.7.1.jar:/usr/local/hadoop/share/hadoop/common/lib/xz-1.0.jar:/usr/local/hadoop/share/hadoop/common/lib/avro-1.7.4.jar:/usr/local/hadoop/share/hadoop/common/lib/commons-httpclient-3.1.jar:/usr/local/hadoop/share/hadoop/common/lib/hadoop-auth-2.7.1.jar:/usr/local/hadoop/share/hadoop/common/lib/zookeeper-3.4.6.jar:/usr/local/hadoop/share/hadoop/common/lib/api-asn1-api-1.0.0-M20.jar:/usr/local/hadoop/share/hadoop/common/lib/slf4j-api-1.7.10.jar:/usr/local/hadoop/share/hadoop/common/lib/java-xmlbuilder-0.4.jar:/usr/local/hadoop/share/hadoop/common/lib/log4j-1.2.17.jar:/usr/local/hadoop/share/hadoop/common/lib/activation-1.1.jar:/usr/local/hadoop/share/hadoop/common/lib/jersey-core-1.9.jar:/usr/local/hadoop/share/hadoop/common/lib/commons-digester-1.8.jar:/usr/local/hadoop/share/hadoop/common/lib/jersey-json-1.9.jar:/usr/local/hadoop/share/hadoop/common/lib/curator-client-2.7.1.jar:/usr/local/hadoop/share/hadoop/common/lib/jets3t-0.9.0.jar:/usr/local/hadoop/share/hadoop/common/lib/jackson-jaxrs-1.9.13.jar:/usr/local/hadoop/share/hadoop/common/lib/slf4j-log4j12-1.7.10.jar:/usr/local/hadoop/share/hadoop/common/lib/jettison-1.1.jar:/usr/local/hadoop/share/hadoop/common/lib/netty-3.6.2.Final.jar:/usr/local/hadoop/share/hadoop/common/lib/jackson-mapper-asl-1.9.13.jar:/usr/local/hadoop/share/hadoop/common/lib/jsr305-3.0.0.jar:/usr/local/hadoop/share/hadoop/common/lib/junit-4.11.jar:/usr/local/hadoop/share/hadoop/common/lib/apacheds-kerberos-codec-2.0.0-M15.jar:/usr/local/hadoop/share/hadoop/common/lib/commons-collections-3.2.1.jar:/usr/local/hadoop/share/hadoop/common/lib/httpcore-4.2.5.jar:/usr/local/hadoop/share/hadoop/common/lib/jaxb-api-2.2.2.jar:/usr/local/hadoop/share/hadoop/common/lib/asm-3.2.jar:/usr/local/hadoop/share/hadoop/common/lib/htrace-core-3.1.0-incubating.jar:/usr/local/hadoop/share/hadoop/common/lib/jackson-xc-1.9.13.jar:/usr/local/hadoop/share/hadoop/common/lib/jersey-server-1.9.jar:/usr/local/hadoop/share/hadoop/common/lib/jsch-0.1.42.jar:/usr/local/hadoop/share/hadoop/common/lib/jetty-6.1.26.jar:/usr/local/hadoop/share/hadoop/common/lib/gson-2.2.4.jar:/usr/local/hadoop/share/hadoop/common/lib/hamcrest-core-1.3.jar:/usr/local/hadoop/share/hadoop/common/lib/guava-11.0.2.jar:/usr/local/hadoop/share/hadoop/common/lib/commons-io-2.4.jar:/usr/local/hadoop/share/hadoop/common/lib/httpclient-4.2.5.jar:/usr/local/hadoop/share/hadoop/common/lib/jsp-api-2.1.jar:/usr/local/hadoop/share/hadoop/common/lib/jackson-core-asl-1.9.13.jar:/usr/local/hadoop/share/hadoop/common/lib/protobuf-java-2.5.0.jar:/usr/local/hadoop/share/hadoop/common/lib/snappy-java-1.0.4.1.jar:/usr/local/hadoop/share/hadoop/common/lib/commons-lang-2.6.jar:/usr/local/hadoop/share/hadoop/common/lib/apacheds-i18n-2.0.0-M15.jar:/usr/local/hadoop/share/hadoop/common/lib/commons-compress-1.4.1.jar:/usr/local/hadoop/share/hadoop/common/lib/commons-net-3.1.jar:/usr/local/hadoop/share/hadoop/common/lib/commons-cli-1.2.jar:/usr/local/hadoop/share/hadoop/common/hadoop-nfs-2.7.1.jar:/usr/local/hadoop/share/hadoop/common/hadoop-common-2.7.1-tests.jar:/usr/local/hadoop/share/hadoop/common/hadoop-common-2.7.1.jar:/usr/local/hadoop/share/hadoop/hdfs:/usr/local/hadoop/share/hadoop/hdfs/lib/commons-logging-1.1.3.jar:/usr/local/hadoop/share/hadoop/hdfs/lib/servlet-api-2.5.jar:/usr/local/hadoop/share/hadoop/hdfs/lib/xmlenc-0.52.jar:/usr/local/hadoop/share/hadoop/hdfs/lib/jetty-util-6.1.26.jar:/usr/local/hadoop/share/hadoop/hdfs/lib/commons-codec-1.4.jar:/usr/local/hadoop/share/hadoop/hdfs/lib/commons-daemon-1.0.13.jar:/usr/local/hadoop/share/hadoop/hdfs/lib/xml-apis-1.3.04.jar:/usr/local/hadoop/share/hadoop/hdfs/lib/xercesImpl-2.9.1.jar:/usr/local/hadoop/share/hadoop/hdfs/lib/netty-all-4.0.23.Final.jar:/usr/local/hadoop/share/hadoop/hdfs/lib/log4j-1.2.17.jar:/usr/local/hadoop/share/hadoop/hdfs/lib/jersey-core-1.9.jar:/usr/local/hadoop/share/hadoop/hdfs/lib/netty-3.6.2.Final.jar:/usr/local/hadoop/share/hadoop/hdfs/lib/jackson-mapper-asl-1.9.13.jar:/usr/local/hadoop/share/hadoop/hdfs/lib/jsr305-3.0.0.jar:/usr/local/hadoop/share/hadoop/hdfs/lib/asm-3.2.jar:/usr/local/hadoop/share/hadoop/hdfs/lib/htrace-core-3.1.0-incubating.jar:/usr/local/hadoop/share/hadoop/hdfs/lib/jersey-server-1.9.jar:/usr/local/hadoop/share/hadoop/hdfs/lib/leveldbjni-all-1.8.jar:/usr/local/hadoop/share/hadoop/hdfs/lib/jetty-6.1.26.jar:/usr/local/hadoop/share/hadoop/hdfs/lib/guava-11.0.2.jar:/usr/local/hadoop/share/hadoop/hdfs/lib/commons-io-2.4.jar:/usr/local/hadoop/share/hadoop/hdfs/lib/jackson-core-asl-1.9.13.jar:/usr/local/hadoop/share/hadoop/hdfs/lib/protobuf-java-2.5.0.jar:/usr/local/hadoop/share/hadoop/hdfs/lib/commons-lang-2.6.jar:/usr/local/hadoop/share/hadoop/hdfs/lib/commons-cli-1.2.jar:/usr/local/hadoop/share/hadoop/hdfs/hadoop-hdfs-2.7.1.jar:/usr/local/hadoop/share/hadoop/hdfs/hadoop-hdfs-2.7.1-tests.jar:/usr/local/hadoop/share/hadoop/hdfs/hadoop-hdfs-nfs-2.7.1.jar:/usr/local/hadoop/share/hadoop/yarn/lib/commons-logging-1.1.3.jar:/usr/local/hadoop/share/hadoop/yarn/lib/servlet-api-2.5.jar:/usr/local/hadoop/share/hadoop/yarn/lib/jaxb-impl-2.2.3-1.jar:/usr/local/hadoop/share/hadoop/yarn/lib/stax-api-1.0-2.jar:/usr/local/hadoop/share/hadoop/yarn/lib/guice-3.0.jar:/usr/local/hadoop/share/hadoop/yarn/lib/jetty-util-6.1.26.jar:/usr/local/hadoop/share/hadoop/yarn/lib/commons-codec-1.4.jar:/usr/local/hadoop/share/hadoop/yarn/lib/xz-1.0.jar:/usr/local/hadoop/share/hadoop/yarn/lib/jersey-guice-1.9.jar:/usr/local/hadoop/share/hadoop/yarn/lib/zookeeper-3.4.6.jar:/usr/local/hadoop/share/hadoop/yarn/lib/javax.inject-1.jar:/usr/local/hadoop/share/hadoop/yarn/lib/zookeeper-3.4.6-tests.jar:/usr/local/hadoop/share/hadoop/yarn/lib/log4j-1.2.17.jar:/usr/local/hadoop/share/hadoop/yarn/lib/activation-1.1.jar:/usr/local/hadoop/share/hadoop/yarn/lib/jersey-core-1.9.jar:/usr/local/hadoop/share/hadoop/yarn/lib/jersey-json-1.9.jar:/usr/local/hadoop/share/hadoop/yarn/lib/jackson-jaxrs-1.9.13.jar:/usr/local/hadoop/share/hadoop/yarn/lib/jettison-1.1.jar:/usr/local/hadoop/share/hadoop/yarn/lib/netty-3.6.2.Final.jar:/usr/local/hadoop/share/hadoop/yarn/lib/guice-servlet-3.0.jar:/usr/local/hadoop/share/hadoop/yarn/lib/jackson-mapper-asl-1.9.13.jar:/usr/local/hadoop/share/hadoop/yarn/lib/jsr305-3.0.0.jar:/usr/local/hadoop/share/hadoop/yarn/lib/commons-collections-3.2.1.jar:/usr/local/hadoop/share/hadoop/yarn/lib/jaxb-api-2.2.2.jar:/usr/local/hadoop/share/hadoop/yarn/lib/asm-3.2.jar:/usr/local/hadoop/share/hadoop/yarn/lib/jackson-xc-1.9.13.jar:/usr/local/hadoop/share/hadoop/yarn/lib/jersey-server-1.9.jar:/usr/local/hadoop/share/hadoop/yarn/lib/leveldbjni-all-1.8.jar:/usr/local/hadoop/share/hadoop/yarn/lib/jetty-6.1.26.jar:/usr/local/hadoop/share/hadoop/yarn/lib/guava-11.0.2.jar:/usr/local/hadoop/share/hadoop/yarn/lib/commons-io-2.4.jar:/usr/local/hadoop/share/hadoop/yarn/lib/jackson-core-asl-1.9.13.jar:/usr/local/hadoop/share/hadoop/yarn/lib/protobuf-java-2.5.0.jar:/usr/local/hadoop/share/hadoop/yarn/lib/commons-lang-2.6.jar:/usr/local/hadoop/share/hadoop/yarn/lib/commons-compress-1.4.1.jar:/usr/local/hadoop/share/hadoop/yarn/lib/aopalliance-1.0.jar:/usr/local/hadoop/share/hadoop/yarn/lib/jersey-client-1.9.jar:/usr/local/hadoop/share/hadoop/yarn/lib/commons-cli-1.2.jar:/usr/local/hadoop/share/hadoop/yarn/hadoop-yarn-server-web-proxy-2.7.1.jar:/usr/local/hadoop/share/hadoop/yarn/hadoop-yarn-applications-distributedshell-2.7.1.jar:/usr/local/hadoop/share/hadoop/yarn/hadoop-yarn-api-2.7.1.jar:/usr/local/hadoop/share/hadoop/yarn/hadoop-yarn-common-2.7.1.jar:/usr/local/hadoop/share/hadoop/yarn/hadoop-yarn-server-common-2.7.1.jar:/usr/local/hadoop/share/hadoop/yarn/hadoop-yarn-server-applicationhistoryservice-2.7.1.jar:/usr/local/hadoop/share/hadoop/yarn/hadoop-yarn-applications-unmanaged-am-launcher-2.7.1.jar:/usr/local/hadoop/share/hadoop/yarn/hadoop-yarn-server-tests-2.7.1.jar:/usr/local/hadoop/share/hadoop/yarn/hadoop-yarn-server-nodemanager-2.7.1.jar:/usr/local/hadoop/share/hadoop/yarn/hadoop-yarn-client-2.7.1.jar:/usr/local/hadoop/share/hadoop/yarn/hadoop-yarn-server-resourcemanager-2.7.1.jar:/usr/local/hadoop/share/hadoop/yarn/hadoop-yarn-registry-2.7.1.jar:/usr/local/hadoop/share/hadoop/yarn/hadoop-yarn-server-sharedcachemanager-2.7.1.jar:/usr/local/hadoop/share/hadoop/mapreduce/lib/paranamer-2.3.jar:/usr/local/hadoop/share/hadoop/mapreduce/lib/guice-3.0.jar:/usr/local/hadoop/share/hadoop/mapreduce/lib/hadoop-annotations-2.7.1.jar:/usr/local/hadoop/share/hadoop/mapreduce/lib/xz-1.0.jar:/usr/local/hadoop/share/hadoop/mapreduce/lib/avro-1.7.4.jar:/usr/local/hadoop/share/hadoop/mapreduce/lib/jersey-guice-1.9.jar:/usr/local/hadoop/share/hadoop/mapreduce/lib/javax.inject-1.jar:/usr/local/hadoop/share/hadoop/mapreduce/lib/log4j-1.2.17.jar:/usr/local/hadoop/share/hadoop/mapreduce/lib/jersey-core-1.9.jar:/usr/local/hadoop/share/hadoop/mapreduce/lib/netty-3.6.2.Final.jar:/usr/local/hadoop/share/hadoop/mapreduce/lib/guice-servlet-3.0.jar:/usr/local/hadoop/share/hadoop/mapreduce/lib/jackson-mapper-asl-1.9.13.jar:/usr/local/hadoop/share/hadoop/mapreduce/lib/junit-4.11.jar:/usr/local/hadoop/share/hadoop/mapreduce/lib/asm-3.2.jar:/usr/local/hadoop/share/hadoop/mapreduce/lib/jersey-server-1.9.jar:/usr/local/hadoop/share/hadoop/mapreduce/lib/leveldbjni-all-1.8.jar:/usr/local/hadoop/share/hadoop/mapreduce/lib/hamcrest-core-1.3.jar:/usr/local/hadoop/share/hadoop/mapreduce/lib/commons-io-2.4.jar:/usr/local/hadoop/share/hadoop/mapreduce/lib/jackson-core-asl-1.9.13.jar:/usr/local/hadoop/share/hadoop/mapreduce/lib/protobuf-java-2.5.0.jar:/usr/local/hadoop/share/hadoop/mapreduce/lib/snappy-java-1.0.4.1.jar:/usr/local/hadoop/share/hadoop/mapreduce/lib/commons-compress-1.4.1.jar:/usr/local/hadoop/share/hadoop/mapreduce/lib/aopalliance-1.0.jar:/usr/local/hadoop/share/hadoop/mapreduce/hadoop-mapreduce-client-jobclient-2.7.1-tests.jar:/usr/local/hadoop/share/hadoop/mapreduce/hadoop-mapreduce-client-hs-plugins-2.7.1.jar:/usr/local/hadoop/share/hadoop/mapreduce/hadoop-mapreduce-client-core-2.7.1.jar:/usr/local/hadoop/share/hadoop/mapreduce/hadoop-mapreduce-client-shuffle-2.7.1.jar:/usr/local/hadoop/share/hadoop/mapreduce/hadoop-mapreduce-client-jobclient-2.7.1.jar:/usr/local/hadoop/share/hadoop/mapreduce/hadoop-mapreduce-examples-2.7.1.jar:/usr/local/hadoop/share/hadoop/mapreduce/hadoop-mapreduce-client-common-2.7.1.jar:/usr/local/hadoop/share/hadoop/mapreduce/hadoop-mapreduce-client-hs-2.7.1.jar:/usr/local/hadoop/share/hadoop/mapreduce/hadoop-mapreduce-client-app-2.7.1.jar:/usr/local/hadoop/contrib/capacity-scheduler/*.jar:/usr/local/hadoop/contrib/capacity-scheduler/*.jar:/usr/local/hadoop/share/hadoop/mapreduce/hadoop-mapreduce-client-app-2.7.1.jar:/usr/local/hadoop/share/hadoop/mapreduce/hadoop-mapreduce-client-common-2.7.1.jar:/usr/local/hadoop/share/hadoop/mapreduce/hadoop-mapreduce-client-core-2.7.1.jar:/usr/local/hadoop/share/hadoop/mapreduce/hadoop-mapreduce-client-hs-2.7.1.jar:/usr/local/hadoop/share/hadoop/mapreduce/hadoop-mapreduce-client-hs-plugins-2.7.1.jar:/usr/local/hadoop/share/hadoop/mapreduce/hadoop-mapreduce-client-jobclient-2.7.1.jar:/usr/local/hadoop/share/hadoop/mapreduce/hadoop-mapreduce-client-jobclient-2.7.1-tests.jar:/usr/local/hadoop/share/hadoop/mapreduce/hadoop-mapreduce-client-shuffle-2.7.1.jar:/usr/local/hadoop/share/hadoop/mapreduce/hadoop-mapreduce-examples-2.7.1.jar:/usr/local/hadoop/share/hadoop/yarn/hadoop-yarn-api-2.7.1.jar:/usr/local/hadoop/share/hadoop/yarn/hadoop-yarn-applications-distributedshell-2.7.1.jar:/usr/local/hadoop/share/hadoop/yarn/hadoop-yarn-applications-unmanaged-am-launcher-2.7.1.jar:/usr/local/hadoop/share/hadoop/yarn/hadoop-yarn-client-2.7.1.jar:/usr/local/hadoop/share/hadoop/yarn/hadoop-yarn-common-2.7.1.jar:/usr/local/hadoop/share/hadoop/yarn/hadoop-yarn-registry-2.7.1.jar:/usr/local/hadoop/share/hadoop/yarn/hadoop-yarn-server-applicationhistoryservice-2.7.1.jar:/usr/local/hadoop/share/hadoop/yarn/hadoop-yarn-server-common-2.7.1.jar:/usr/local/hadoop/share/hadoop/yarn/hadoop-yarn-server-nodemanager-2.7.1.jar:/usr/local/hadoop/share/hadoop/yarn/hadoop-yarn-server-resourcemanager-2.7.1.jar:/usr/local/hadoop/share/hadoop/yarn/hadoop-yarn-server-sharedcachemanager-2.7.1.jar:/usr/local/hadoop/share/hadoop/yarn/hadoop-yarn-server-tests-2.7.1.jar:/usr/local/hadoop/share/hadoop/yarn/hadoop-yarn-server-web-proxy-2.7.1.jar:/usr/local/hadoop/share/hadoop/mapreduce/lib/aopalliance-1.0.jar:/usr/local/hadoop/share/hadoop/mapreduce/lib/asm-3.2.jar:/usr/local/hadoop/share/hadoop/mapreduce/lib/avro-1.7.4.jar:/usr/local/hadoop/share/hadoop/mapreduce/lib/commons-compress-1.4.1.jar:/usr/local/hadoop/share/hadoop/mapreduce/lib/commons-io-2.4.jar:/usr/local/hadoop/share/hadoop/mapreduce/lib/guice-3.0.jar:/usr/local/hadoop/share/hadoop/mapreduce/lib/guice-servlet-3.0.jar:/usr/local/hadoop/share/hadoop/mapreduce/lib/hadoop-annotations-2.7.1.jar:/usr/local/hadoop/share/hadoop/mapreduce/lib/hamcrest-core-1.3.jar:/usr/local/hadoop/share/hadoop/mapreduce/lib/jackson-core-asl-1.9.13.jar:/usr/local/hadoop/share/hadoop/mapreduce/lib/jackson-mapper-asl-1.9.13.jar:/usr/local/hadoop/share/hadoop/mapreduce/lib/javax.inject-1.jar:/usr/local/hadoop/share/hadoop/mapreduce/lib/jersey-core-1.9.jar:/usr/local/hadoop/share/hadoop/mapreduce/lib/jersey-guice-1.9.jar:/usr/local/hadoop/share/hadoop/mapreduce/lib/jersey-server-1.9.jar:/usr/local/hadoop/share/hadoop/mapreduce/lib/junit-4.11.jar:/usr/local/hadoop/share/hadoop/mapreduce/lib/leveldbjni-all-1.8.jar:/usr/local/hadoop/share/hadoop/mapreduce/lib/log4j-1.2.17.jar:/usr/local/hadoop/share/hadoop/mapreduce/lib/netty-3.6.2.Final.jar:/usr/local/hadoop/share/hadoop/mapreduce/lib/paranamer-2.3.jar:/usr/local/hadoop/share/hadoop/mapreduce/lib/protobuf-java-2.5.0.jar:/usr/local/hadoop/share/hadoop/mapreduce/lib/snappy-java-1.0.4.1.jar:/usr/local/hadoop/share/hadoop/mapreduce/lib/xz-1.0.jar:/usr/local/hadoop/modules/*.jar
STARTUP_MSG:   build = https://git-wip-us.apache.org/repos/asf/hadoop.git -r 15ecc87ccf4a0228f35af08fc56de536e6ce657a; compiled by 'jenkins' on 2015-06-29T06:04Z
STARTUP_MSG:   java = 1.7.0_79
************************************************************/
2015-07-29 10:48:42,045 INFO org.apache.hadoop.mapreduce.v2.hs.JobHistoryServer: registered UNIX signal handlers for [TERM, HUP, INT]
2015-07-29 10:48:44,999 WARN org.apache.hadoop.util.NativeCodeLoader: Unable to load native-hadoop library for your platform... using builtin-java classes where applicable
2015-07-29 10:48:45,660 INFO org.apache.hadoop.mapreduce.v2.hs.JobHistory: JobHistory Init
2015-07-29 10:48:48,649 INFO org.apache.hadoop.mapreduce.v2.jobhistory.JobHistoryUtils: Default file system [hdfs://localhost:9000]
2015-07-29 10:48:49,190 INFO org.apache.hadoop.mapreduce.v2.hs.HistoryFileManager: Perms after creating 504, Expected: 504
2015-07-29 10:48:49,321 INFO org.apache.hadoop.mapreduce.v2.jobhistory.JobHistoryUtils: Default file system [hdfs://localhost:9000]
2015-07-29 10:48:59,360 INFO org.apache.hadoop.mapreduce.v2.hs.HistoryFileManager: Initializing Existing Jobs...
2015-07-29 10:48:59,382 INFO org.apache.hadoop.mapreduce.v2.hs.CachedHistoryStorage: CachedHistoryStorage Init
2015-07-29 10:48:59,461 INFO org.apache.hadoop.ipc.CallQueueManager: Using callQueue class java.util.concurrent.LinkedBlockingQueue
2015-07-29 10:48:59,482 INFO org.apache.hadoop.ipc.Server: Starting Socket Reader #1 for port 10033
2015-07-29 10:48:59,624 INFO org.apache.hadoop.metrics2.impl.MetricsConfig: loaded properties from hadoop-metrics2.properties
2015-07-29 10:48:59,861 INFO org.apache.hadoop.metrics2.impl.MetricsSystemImpl: Scheduled snapshot period at 10 second(s).
2015-07-29 10:48:59,861 INFO org.apache.hadoop.metrics2.impl.MetricsSystemImpl: JobHistoryServer metrics system started
2015-07-29 10:48:59,892 INFO org.apache.hadoop.security.token.delegation.AbstractDelegationTokenSecretManager: Updating the current master key for generating delegation tokens
2015-07-29 10:48:59,898 INFO org.apache.hadoop.security.token.delegation.AbstractDelegationTokenSecretManager: Starting expired delegation token remover thread, tokenRemoverScanInterval=60 min(s)
2015-07-29 10:48:59,898 INFO org.apache.hadoop.security.token.delegation.AbstractDelegationTokenSecretManager: Updating the current master key for generating delegation tokens
2015-07-29 10:49:00,132 INFO org.mortbay.log: Logging to org.slf4j.impl.Log4jLoggerAdapter(org.mortbay.log) via org.mortbay.log.Slf4jLog
2015-07-29 10:49:00,174 INFO org.apache.hadoop.security.authentication.server.AuthenticationFilter: Unable to initialize FileSignerSecretProvider, falling back to use random secrets.
2015-07-29 10:49:00,195 INFO org.apache.hadoop.http.HttpRequestLog: Http request log for http.requests.jobhistory is not defined
2015-07-29 10:49:00,217 INFO org.apache.hadoop.http.HttpServer2: Added global filter 'safety' (class=org.apache.hadoop.http.HttpServer2$QuotingInputFilter)
2015-07-29 10:49:00,231 INFO org.apache.hadoop.http.HttpServer2: Added filter static_user_filter (class=org.apache.hadoop.http.lib.StaticUserWebFilter$StaticUserFilter) to context jobhistory
2015-07-29 10:49:00,233 INFO org.apache.hadoop.http.HttpServer2: Added filter static_user_filter (class=org.apache.hadoop.http.lib.StaticUserWebFilter$StaticUserFilter) to context logs
2015-07-29 10:49:00,233 INFO org.apache.hadoop.http.HttpServer2: Added filter static_user_filter (class=org.apache.hadoop.http.lib.StaticUserWebFilter$StaticUserFilter) to context static
2015-07-29 10:49:00,252 INFO org.apache.hadoop.http.HttpServer2: adding path spec: /jobhistory/*
2015-07-29 10:49:00,252 INFO org.apache.hadoop.http.HttpServer2: adding path spec: /ws/*
2015-07-29 10:49:00,282 INFO org.apache.hadoop.http.HttpServer2: Jetty bound to port 19888
2015-07-29 10:49:00,282 INFO org.mortbay.log: jetty-6.1.26
2015-07-29 10:49:00,371 INFO org.mortbay.log: Extract jar:file:/usr/local/hadoop/share/hadoop/yarn/hadoop-yarn-common-2.7.1.jar!/webapps/jobhistory to /tmp/Jetty_0_0_0_0_19888_jobhistory____.djq1tw/webapp
2015-07-29 10:49:01,269 INFO org.mortbay.log: Started HttpServer2$SelectChannelConnectorWithSafeStartup@0.0.0.0:19888
2015-07-29 10:49:01,270 INFO org.apache.hadoop.yarn.webapp.WebApps: Web app /jobhistory started at 19888
2015-07-29 10:49:03,118 INFO org.apache.hadoop.yarn.webapp.WebApps: Registered webapp guice modules
2015-07-29 10:49:03,228 INFO org.apache.hadoop.ipc.CallQueueManager: Using callQueue class java.util.concurrent.LinkedBlockingQueue
2015-07-29 10:49:03,241 INFO org.apache.hadoop.ipc.Server: Starting Socket Reader #1 for port 10020
2015-07-29 10:49:03,359 INFO org.apache.hadoop.yarn.factories.impl.pb.RpcServerFactoryPBImpl: Adding protocol org.apache.hadoop.mapreduce.v2.api.HSClientProtocolPB to the server
2015-07-29 10:49:03,360 INFO org.apache.hadoop.ipc.Server: IPC Server Responder: starting
2015-07-29 10:49:03,373 INFO org.apache.hadoop.ipc.Server: IPC Server listener on 10020: starting
2015-07-29 10:49:03,396 INFO org.apache.hadoop.mapreduce.v2.hs.HistoryClientService: Instantiated HistoryClientService at morfus/127.0.1.1:10020
2015-07-29 10:49:03,397 INFO org.apache.hadoop.ipc.Server: IPC Server Responder: starting
2015-07-29 10:49:03,397 INFO org.apache.hadoop.ipc.Server: IPC Server listener on 10033: starting
2015-07-29 10:49:29,902 INFO org.apache.hadoop.mapreduce.v2.hs.JobHistory: History Cleaner started
2015-07-29 10:49:29,909 INFO org.apache.hadoop.mapreduce.v2.hs.JobHistory: History Cleaner complete
2015-07-29 10:51:04,934 INFO org.apache.hadoop.mapreduce.v2.hs.CompletedJob: Loading job: job_1438157687835_0003 from file: hdfs://localhost:9000/tmp/hadoop-yarn/staging/history/done_intermediate/nadir/job_1438157687835_0003-1438159828815-nadir-PigLatin%3ADefaultJobName-1438159861444-1-0-SUCCEEDED-default-1438159845384.jhist
2015-07-29 10:51:04,934 INFO org.apache.hadoop.mapreduce.v2.hs.CompletedJob: Loading history file: [hdfs://localhost:9000/tmp/hadoop-yarn/staging/history/done_intermediate/nadir/job_1438157687835_0003-1438159828815-nadir-PigLatin%3ADefaultJobName-1438159861444-1-0-SUCCEEDED-default-1438159845384.jhist]
2015-07-29 10:51:05,500 INFO org.apache.hadoop.mapreduce.jobhistory.JobSummary: jobId=job_1438157687835_0001,submitTime=1438159246993,launchTime=1438159266999,firstMapTaskLaunchTime=1438159270000,firstReduceTaskLaunchTime=1438159286753,finishTime=1438159301271,resourcesPerMap=1024,resourcesPerReduce=1024,numMaps=1,numReduces=1,user=nadir,queue=default,status=SUCCEEDED,mapSlotSeconds=14,reduceSlotSeconds=14,jobName=PigLatin:DefaultJobName
2015-07-29 10:51:05,500 INFO org.apache.hadoop.mapreduce.v2.hs.HistoryFileManager: Deleting JobSummary file: [hdfs://localhost:9000/tmp/hadoop-yarn/staging/history/done_intermediate/nadir/job_1438157687835_0001.summary]
2015-07-29 10:51:05,561 INFO org.apache.hadoop.mapreduce.v2.hs.HistoryFileManager: Perms after creating 504, Expected: 504
2015-07-29 10:51:05,562 INFO org.apache.hadoop.mapreduce.v2.hs.HistoryFileManager: Moving hdfs://localhost:9000/tmp/hadoop-yarn/staging/history/done_intermediate/nadir/job_1438157687835_0001-1438159246993-nadir-PigLatin%3ADefaultJobName-1438159301271-1-1-SUCCEEDED-default-1438159266999.jhist to hdfs://localhost:9000/tmp/hadoop-yarn/staging/history/done/2015/07/29/000000/job_1438157687835_0001-1438159246993-nadir-PigLatin%3ADefaultJobName-1438159301271-1-1-SUCCEEDED-default-1438159266999.jhist
2015-07-29 10:51:05,603 INFO org.apache.hadoop.mapreduce.v2.hs.HistoryFileManager: Moving hdfs://localhost:9000/tmp/hadoop-yarn/staging/history/done_intermediate/nadir/job_1438157687835_0001_conf.xml to hdfs://localhost:9000/tmp/hadoop-yarn/staging/history/done/2015/07/29/000000/job_1438157687835_0001_conf.xml
2015-07-29 10:51:06,550 WARN org.apache.hadoop.hdfs.DFSClient: DFSInputStream has been closed already
2015-07-29 10:51:06,558 INFO org.apache.hadoop.mapreduce.jobhistory.JobSummary: jobId=job_1438157687835_0003,submitTime=1438159828815,launchTime=1438159845384,firstMapTaskLaunchTime=1438159848266,firstReduceTaskLaunchTime=0,finishTime=1438159861444,resourcesPerMap=1024,resourcesPerReduce=0,numMaps=1,numReduces=0,user=nadir,queue=default,status=SUCCEEDED,mapSlotSeconds=12,reduceSlotSeconds=0,jobName=PigLatin:DefaultJobName
2015-07-29 10:51:06,558 INFO org.apache.hadoop.mapreduce.v2.hs.HistoryFileManager: Deleting JobSummary file: [hdfs://localhost:9000/tmp/hadoop-yarn/staging/history/done_intermediate/nadir/job_1438157687835_0003.summary]
2015-07-29 10:51:06,636 INFO org.apache.hadoop.mapreduce.v2.hs.HistoryFileManager: Moving hdfs://localhost:9000/tmp/hadoop-yarn/staging/history/done_intermediate/nadir/job_1438157687835_0003-1438159828815-nadir-PigLatin%3ADefaultJobName-1438159861444-1-0-SUCCEEDED-default-1438159845384.jhist to hdfs://localhost:9000/tmp/hadoop-yarn/staging/history/done/2015/07/29/000000/job_1438157687835_0003-1438159828815-nadir-PigLatin%3ADefaultJobName-1438159861444-1-0-SUCCEEDED-default-1438159845384.jhist
2015-07-29 10:51:06,645 INFO org.apache.hadoop.mapreduce.v2.hs.HistoryFileManager: Moving hdfs://localhost:9000/tmp/hadoop-yarn/staging/history/done_intermediate/nadir/job_1438157687835_0003_conf.xml to hdfs://localhost:9000/tmp/hadoop-yarn/staging/history/done/2015/07/29/000000/job_1438157687835_0003_conf.xml
2015-07-29 10:51:59,897 INFO org.apache.hadoop.mapreduce.v2.hs.JobHistory: Starting scan to move intermediate done files
2015-07-29 10:54:59,897 INFO org.apache.hadoop.mapreduce.v2.hs.JobHistory: Starting scan to move intermediate done files
2015-07-29 10:55:54,322 INFO org.apache.hadoop.mapreduce.v2.hs.CompletedJob: Loading job: job_1438157687835_0004 from file: hdfs://localhost:9000/tmp/hadoop-yarn/staging/history/done_intermediate/nadir/job_1438157687835_0004-1438160103587-nadir-PigLatin%3ADefaultJobName-1438160151707-1-1-SUCCEEDED-default-1438160118017.jhist
2015-07-29 10:55:54,323 INFO org.apache.hadoop.mapreduce.v2.hs.CompletedJob: Loading history file: [hdfs://localhost:9000/tmp/hadoop-yarn/staging/history/done_intermediate/nadir/job_1438157687835_0004-1438160103587-nadir-PigLatin%3ADefaultJobName-1438160151707-1-1-SUCCEEDED-default-1438160118017.jhist]
2015-07-29 10:55:54,663 WARN org.apache.hadoop.hdfs.DFSClient: DFSInputStream has been closed already
2015-07-29 10:55:54,672 INFO org.apache.hadoop.mapreduce.jobhistory.JobSummary: jobId=job_1438157687835_0004,submitTime=1438160103587,launchTime=1438160118017,firstMapTaskLaunchTime=1438160121218,firstReduceTaskLaunchTime=1438160138422,finishTime=1438160151707,resourcesPerMap=1024,resourcesPerReduce=1024,numMaps=1,numReduces=1,user=nadir,queue=default,status=SUCCEEDED,mapSlotSeconds=14,reduceSlotSeconds=12,jobName=PigLatin:DefaultJobName
2015-07-29 10:55:54,672 INFO org.apache.hadoop.mapreduce.v2.hs.HistoryFileManager: Deleting JobSummary file: [hdfs://localhost:9000/tmp/hadoop-yarn/staging/history/done_intermediate/nadir/job_1438157687835_0004.summary]
2015-07-29 10:55:54,699 INFO org.apache.hadoop.mapreduce.v2.hs.HistoryFileManager: Moving hdfs://localhost:9000/tmp/hadoop-yarn/staging/history/done_intermediate/nadir/job_1438157687835_0004-1438160103587-nadir-PigLatin%3ADefaultJobName-1438160151707-1-1-SUCCEEDED-default-1438160118017.jhist to hdfs://localhost:9000/tmp/hadoop-yarn/staging/history/done/2015/07/29/000000/job_1438157687835_0004-1438160103587-nadir-PigLatin%3ADefaultJobName-1438160151707-1-1-SUCCEEDED-default-1438160118017.jhist
2015-07-29 10:55:54,708 INFO org.apache.hadoop.mapreduce.v2.hs.HistoryFileManager: Moving hdfs://localhost:9000/tmp/hadoop-yarn/staging/history/done_intermediate/nadir/job_1438157687835_0004_conf.xml to hdfs://localhost:9000/tmp/hadoop-yarn/staging/history/done/2015/07/29/000000/job_1438157687835_0004_conf.xml
2015-07-29 10:57:59,897 INFO org.apache.hadoop.mapreduce.v2.hs.JobHistory: Starting scan to move intermediate done files
2015-07-29 11:00:59,897 INFO org.apache.hadoop.mapreduce.v2.hs.JobHistory: Starting scan to move intermediate done files
2015-07-29 11:03:59,897 INFO org.apache.hadoop.mapreduce.v2.hs.JobHistory: Starting scan to move intermediate done files
2015-07-29 11:06:59,897 INFO org.apache.hadoop.mapreduce.v2.hs.JobHistory: Starting scan to move intermediate done files
2015-07-29 11:09:59,897 INFO org.apache.hadoop.mapreduce.v2.hs.JobHistory: Starting scan to move intermediate done files
2015-07-29 11:12:59,897 INFO org.apache.hadoop.mapreduce.v2.hs.JobHistory: Starting scan to move intermediate done files
2015-07-29 11:15:59,897 INFO org.apache.hadoop.mapreduce.v2.hs.JobHistory: Starting scan to move intermediate done files
2015-07-29 11:18:59,897 INFO org.apache.hadoop.mapreduce.v2.hs.JobHistory: Starting scan to move intermediate done files
2015-07-29 11:19:51,761 INFO org.apache.hadoop.mapreduce.jobhistory.JobSummary: jobId=job_1438157687835_0005,submitTime=1438161461070,launchTime=1438161473655,firstMapTaskLaunchTime=1438161476423,firstReduceTaskLaunchTime=1438161560339,finishTime=1438161587972,resourcesPerMap=1024,resourcesPerReduce=1024,numMaps=1,numReduces=1,user=nadir,queue=default,status=SUCCEEDED,mapSlotSeconds=81,reduceSlotSeconds=27,jobName=PigLatin:DefaultJobName
2015-07-29 11:19:51,762 INFO org.apache.hadoop.mapreduce.v2.hs.HistoryFileManager: Deleting JobSummary file: [hdfs://localhost:9000/tmp/hadoop-yarn/staging/history/done_intermediate/nadir/job_1438157687835_0005.summary]
2015-07-29 11:19:51,787 INFO org.apache.hadoop.mapreduce.v2.hs.HistoryFileManager: Moving hdfs://localhost:9000/tmp/hadoop-yarn/staging/history/done_intermediate/nadir/job_1438157687835_0005-1438161461070-nadir-PigLatin%3ADefaultJobName-1438161587972-1-1-SUCCEEDED-default-1438161473655.jhist to hdfs://localhost:9000/tmp/hadoop-yarn/staging/history/done/2015/07/29/000000/job_1438157687835_0005-1438161461070-nadir-PigLatin%3ADefaultJobName-1438161587972-1-1-SUCCEEDED-default-1438161473655.jhist
2015-07-29 11:19:51,807 INFO org.apache.hadoop.mapreduce.v2.hs.HistoryFileManager: Moving hdfs://localhost:9000/tmp/hadoop-yarn/staging/history/done_intermediate/nadir/job_1438157687835_0005_conf.xml to hdfs://localhost:9000/tmp/hadoop-yarn/staging/history/done/2015/07/29/000000/job_1438157687835_0005_conf.xml
2015-07-29 11:19:51,819 INFO org.apache.hadoop.mapreduce.v2.hs.CompletedJob: Loading job: job_1438157687835_0005 from file: hdfs://localhost:9000/tmp/hadoop-yarn/staging/history/done/2015/07/29/000000/job_1438157687835_0005-1438161461070-nadir-PigLatin%3ADefaultJobName-1438161587972-1-1-SUCCEEDED-default-1438161473655.jhist
2015-07-29 11:19:51,819 INFO org.apache.hadoop.mapreduce.v2.hs.CompletedJob: Loading history file: [hdfs://localhost:9000/tmp/hadoop-yarn/staging/history/done/2015/07/29/000000/job_1438157687835_0005-1438161461070-nadir-PigLatin%3ADefaultJobName-1438161587972-1-1-SUCCEEDED-default-1438161473655.jhist]
2015-07-29 11:19:52,160 WARN org.apache.hadoop.hdfs.DFSClient: DFSInputStream has been closed already
2015-07-29 11:21:59,897 INFO org.apache.hadoop.mapreduce.v2.hs.JobHistory: Starting scan to move intermediate done files
2015-07-29 11:24:59,897 INFO org.apache.hadoop.mapreduce.v2.hs.JobHistory: Starting scan to move intermediate done files
2015-07-29 11:27:59,897 INFO org.apache.hadoop.mapreduce.v2.hs.JobHistory: Starting scan to move intermediate done files
2015-07-29 11:30:59,897 INFO org.apache.hadoop.mapreduce.v2.hs.JobHistory: Starting scan to move intermediate done files
2015-07-29 11:33:59,897 INFO org.apache.hadoop.mapreduce.v2.hs.JobHistory: Starting scan to move intermediate done files
2015-07-29 11:36:59,897 INFO org.apache.hadoop.mapreduce.v2.hs.JobHistory: Starting scan to move intermediate done files
2015-07-29 11:39:59,897 INFO org.apache.hadoop.mapreduce.v2.hs.JobHistory: Starting scan to move intermediate done files
2015-07-29 11:42:59,897 INFO org.apache.hadoop.mapreduce.v2.hs.JobHistory: Starting scan to move intermediate done files
2015-07-29 11:45:59,897 INFO org.apache.hadoop.mapreduce.v2.hs.JobHistory: Starting scan to move intermediate done files
2015-07-29 11:48:59,897 INFO org.apache.hadoop.mapreduce.v2.hs.JobHistory: Starting scan to move intermediate done files
2015-07-29 11:51:59,897 INFO org.apache.hadoop.mapreduce.v2.hs.JobHistory: Starting scan to move intermediate done files
2015-07-29 11:54:59,897 INFO org.apache.hadoop.mapreduce.v2.hs.JobHistory: Starting scan to move intermediate done files
2015-07-29 11:55:21,871 INFO org.apache.hadoop.mapreduce.jobhistory.JobSummary: jobId=job_1438157687835_0006,submitTime=1438163656592,launchTime=1438163670045,firstMapTaskLaunchTime=1438163672872,firstReduceTaskLaunchTime=1438163700704,finishTime=1438163717909,resourcesPerMap=1024,resourcesPerReduce=1024,numMaps=1,numReduces=1,user=nadir,queue=default,status=SUCCEEDED,mapSlotSeconds=25,reduceSlotSeconds=16,jobName=PigLatin:DefaultJobName
2015-07-29 11:55:21,871 INFO org.apache.hadoop.mapreduce.v2.hs.HistoryFileManager: Deleting JobSummary file: [hdfs://localhost:9000/tmp/hadoop-yarn/staging/history/done_intermediate/nadir/job_1438157687835_0006.summary]
2015-07-29 11:55:21,892 INFO org.apache.hadoop.mapreduce.v2.hs.HistoryFileManager: Moving hdfs://localhost:9000/tmp/hadoop-yarn/staging/history/done_intermediate/nadir/job_1438157687835_0006-1438163656592-nadir-PigLatin%3ADefaultJobName-1438163717909-1-1-SUCCEEDED-default-1438163670045.jhist to hdfs://localhost:9000/tmp/hadoop-yarn/staging/history/done/2015/07/29/000000/job_1438157687835_0006-1438163656592-nadir-PigLatin%3ADefaultJobName-1438163717909-1-1-SUCCEEDED-default-1438163670045.jhist
2015-07-29 11:55:21,899 INFO org.apache.hadoop.mapreduce.v2.hs.HistoryFileManager: Moving hdfs://localhost:9000/tmp/hadoop-yarn/staging/history/done_intermediate/nadir/job_1438157687835_0006_conf.xml to hdfs://localhost:9000/tmp/hadoop-yarn/staging/history/done/2015/07/29/000000/job_1438157687835_0006_conf.xml
2015-07-29 11:55:21,911 INFO org.apache.hadoop.mapreduce.v2.hs.CompletedJob: Loading job: job_1438157687835_0006 from file: hdfs://localhost:9000/tmp/hadoop-yarn/staging/history/done/2015/07/29/000000/job_1438157687835_0006-1438163656592-nadir-PigLatin%3ADefaultJobName-1438163717909-1-1-SUCCEEDED-default-1438163670045.jhist
2015-07-29 11:55:21,911 INFO org.apache.hadoop.mapreduce.v2.hs.CompletedJob: Loading history file: [hdfs://localhost:9000/tmp/hadoop-yarn/staging/history/done/2015/07/29/000000/job_1438157687835_0006-1438163656592-nadir-PigLatin%3ADefaultJobName-1438163717909-1-1-SUCCEEDED-default-1438163670045.jhist]
2015-07-29 11:55:21,977 WARN org.apache.hadoop.hdfs.DFSClient: DFSInputStream has been closed already
2015-07-29 11:57:59,897 INFO org.apache.hadoop.mapreduce.v2.hs.JobHistory: Starting scan to move intermediate done files
2015-07-29 12:00:59,897 INFO org.apache.hadoop.mapreduce.v2.hs.JobHistory: Starting scan to move intermediate done files
2015-07-29 12:03:59,897 INFO org.apache.hadoop.mapreduce.v2.hs.JobHistory: Starting scan to move intermediate done files
2015-07-29 12:06:59,897 INFO org.apache.hadoop.mapreduce.v2.hs.JobHistory: Starting scan to move intermediate done files
2015-07-29 12:09:59,897 INFO org.apache.hadoop.mapreduce.v2.hs.JobHistory: Starting scan to move intermediate done files
2015-07-29 12:12:59,897 INFO org.apache.hadoop.mapreduce.v2.hs.JobHistory: Starting scan to move intermediate done files
2015-07-29 12:15:19,943 INFO org.apache.hadoop.mapreduce.jobhistory.JobSummary: jobId=job_1438157687835_0007,submitTime=1438164859318,launchTime=1438164872369,firstMapTaskLaunchTime=1438164875198,firstReduceTaskLaunchTime=1438164898974,finishTime=1438164913755,resourcesPerMap=1024,resourcesPerReduce=1024,numMaps=1,numReduces=1,user=nadir,queue=default,status=SUCCEEDED,mapSlotSeconds=21,reduceSlotSeconds=14,jobName=PigLatin:DefaultJobName
2015-07-29 12:15:19,943 INFO org.apache.hadoop.mapreduce.v2.hs.HistoryFileManager: Deleting JobSummary file: [hdfs://localhost:9000/tmp/hadoop-yarn/staging/history/done_intermediate/nadir/job_1438157687835_0007.summary]
2015-07-29 12:15:19,961 INFO org.apache.hadoop.mapreduce.v2.hs.HistoryFileManager: Moving hdfs://localhost:9000/tmp/hadoop-yarn/staging/history/done_intermediate/nadir/job_1438157687835_0007-1438164859318-nadir-PigLatin%3ADefaultJobName-1438164913755-1-1-SUCCEEDED-default-1438164872369.jhist to hdfs://localhost:9000/tmp/hadoop-yarn/staging/history/done/2015/07/29/000000/job_1438157687835_0007-1438164859318-nadir-PigLatin%3ADefaultJobName-1438164913755-1-1-SUCCEEDED-default-1438164872369.jhist
2015-07-29 12:15:19,969 INFO org.apache.hadoop.mapreduce.v2.hs.HistoryFileManager: Moving hdfs://localhost:9000/tmp/hadoop-yarn/staging/history/done_intermediate/nadir/job_1438157687835_0007_conf.xml to hdfs://localhost:9000/tmp/hadoop-yarn/staging/history/done/2015/07/29/000000/job_1438157687835_0007_conf.xml
2015-07-29 12:15:19,980 INFO org.apache.hadoop.mapreduce.v2.hs.CompletedJob: Loading job: job_1438157687835_0007 from file: hdfs://localhost:9000/tmp/hadoop-yarn/staging/history/done/2015/07/29/000000/job_1438157687835_0007-1438164859318-nadir-PigLatin%3ADefaultJobName-1438164913755-1-1-SUCCEEDED-default-1438164872369.jhist
2015-07-29 12:15:19,980 INFO org.apache.hadoop.mapreduce.v2.hs.CompletedJob: Loading history file: [hdfs://localhost:9000/tmp/hadoop-yarn/staging/history/done/2015/07/29/000000/job_1438157687835_0007-1438164859318-nadir-PigLatin%3ADefaultJobName-1438164913755-1-1-SUCCEEDED-default-1438164872369.jhist]
2015-07-29 12:15:20,033 WARN org.apache.hadoop.hdfs.DFSClient: DFSInputStream has been closed already
2015-07-29 12:15:59,897 INFO org.apache.hadoop.mapreduce.v2.hs.JobHistory: Starting scan to move intermediate done files
2015-07-29 12:39:49,160 INFO org.apache.hadoop.mapreduce.v2.hs.JobHistory: Starting scan to move intermediate done files
2015-07-29 12:42:49,160 INFO org.apache.hadoop.mapreduce.v2.hs.JobHistory: Starting scan to move intermediate done files
2015-07-29 12:45:49,160 INFO org.apache.hadoop.mapreduce.v2.hs.JobHistory: Starting scan to move intermediate done files
2015-07-29 12:48:49,160 INFO org.apache.hadoop.mapreduce.v2.hs.JobHistory: Starting scan to move intermediate done files
2015-07-29 12:51:49,160 INFO org.apache.hadoop.mapreduce.v2.hs.JobHistory: Starting scan to move intermediate done files
2015-07-29 12:54:49,160 INFO org.apache.hadoop.mapreduce.v2.hs.JobHistory: Starting scan to move intermediate done files
2015-07-29 12:57:49,160 INFO org.apache.hadoop.mapreduce.v2.hs.JobHistory: Starting scan to move intermediate done files
2015-07-29 13:00:49,160 INFO org.apache.hadoop.mapreduce.v2.hs.JobHistory: Starting scan to move intermediate done files
2015-07-29 13:03:49,160 INFO org.apache.hadoop.mapreduce.v2.hs.JobHistory: Starting scan to move intermediate done files
2015-07-29 13:06:49,160 INFO org.apache.hadoop.mapreduce.v2.hs.JobHistory: Starting scan to move intermediate done files
2015-07-29 13:09:49,160 INFO org.apache.hadoop.mapreduce.v2.hs.JobHistory: Starting scan to move intermediate done files
2015-07-29 13:12:49,160 INFO org.apache.hadoop.mapreduce.v2.hs.JobHistory: Starting scan to move intermediate done files
2015-07-29 13:15:49,160 INFO org.apache.hadoop.mapreduce.v2.hs.JobHistory: Starting scan to move intermediate done files
2015-07-29 13:18:49,160 INFO org.apache.hadoop.mapreduce.v2.hs.JobHistory: Starting scan to move intermediate done files
2015-07-29 13:21:49,160 INFO org.apache.hadoop.mapreduce.v2.hs.JobHistory: Starting scan to move intermediate done files
2015-07-29 13:24:49,160 INFO org.apache.hadoop.mapreduce.v2.hs.JobHistory: Starting scan to move intermediate done files
2015-07-29 13:27:49,160 INFO org.apache.hadoop.mapreduce.v2.hs.JobHistory: Starting scan to move intermediate done files
2015-07-29 13:30:49,160 INFO org.apache.hadoop.mapreduce.v2.hs.JobHistory: Starting scan to move intermediate done files
2015-07-29 13:33:49,160 INFO org.apache.hadoop.mapreduce.v2.hs.JobHistory: Starting scan to move intermediate done files
2015-07-29 13:36:49,160 INFO org.apache.hadoop.mapreduce.v2.hs.JobHistory: Starting scan to move intermediate done files
2015-07-29 13:39:49,160 INFO org.apache.hadoop.mapreduce.v2.hs.JobHistory: Starting scan to move intermediate done files
2015-07-29 13:42:49,160 INFO org.apache.hadoop.mapreduce.v2.hs.JobHistory: Starting scan to move intermediate done files
2015-07-29 14:25:43,362 INFO org.apache.hadoop.mapreduce.v2.hs.JobHistory: Starting scan to move intermediate done files
2015-07-29 14:28:43,362 INFO org.apache.hadoop.mapreduce.v2.hs.JobHistory: Starting scan to move intermediate done files
2015-07-29 14:31:43,362 INFO org.apache.hadoop.mapreduce.v2.hs.JobHistory: Starting scan to move intermediate done files
2015-07-29 14:34:43,362 INFO org.apache.hadoop.mapreduce.v2.hs.JobHistory: Starting scan to move intermediate done files
2015-07-29 14:37:43,362 INFO org.apache.hadoop.mapreduce.v2.hs.JobHistory: Starting scan to move intermediate done files
2015-07-29 14:40:43,362 INFO org.apache.hadoop.mapreduce.v2.hs.JobHistory: Starting scan to move intermediate done files
2015-07-29 14:43:43,362 INFO org.apache.hadoop.mapreduce.v2.hs.JobHistory: Starting scan to move intermediate done files
2015-07-29 14:46:43,362 INFO org.apache.hadoop.mapreduce.v2.hs.JobHistory: Starting scan to move intermediate done files
2015-07-29 14:49:43,362 INFO org.apache.hadoop.mapreduce.v2.hs.JobHistory: Starting scan to move intermediate done files
2015-07-29 14:52:43,362 INFO org.apache.hadoop.mapreduce.v2.hs.JobHistory: Starting scan to move intermediate done files
2015-07-29 14:55:43,362 INFO org.apache.hadoop.mapreduce.v2.hs.JobHistory: Starting scan to move intermediate done files
2015-07-29 14:58:43,362 INFO org.apache.hadoop.mapreduce.v2.hs.JobHistory: Starting scan to move intermediate done files
2015-07-29 15:01:43,362 INFO org.apache.hadoop.mapreduce.v2.hs.JobHistory: Starting scan to move intermediate done files
2015-07-29 15:04:43,362 INFO org.apache.hadoop.mapreduce.v2.hs.JobHistory: Starting scan to move intermediate done files
2015-07-29 15:07:43,362 INFO org.apache.hadoop.mapreduce.v2.hs.JobHistory: Starting scan to move intermediate done files
2015-07-29 15:10:43,362 INFO org.apache.hadoop.mapreduce.v2.hs.JobHistory: Starting scan to move intermediate done files
2015-07-29 15:13:43,362 INFO org.apache.hadoop.mapreduce.v2.hs.JobHistory: Starting scan to move intermediate done files
2015-07-29 15:16:43,362 INFO org.apache.hadoop.mapreduce.v2.hs.JobHistory: Starting scan to move intermediate done files
2015-07-29 15:19:43,362 INFO org.apache.hadoop.mapreduce.v2.hs.JobHistory: Starting scan to move intermediate done files
2015-07-29 15:22:43,362 INFO org.apache.hadoop.mapreduce.v2.hs.JobHistory: Starting scan to move intermediate done files
2015-07-29 15:25:43,362 INFO org.apache.hadoop.mapreduce.v2.hs.JobHistory: Starting scan to move intermediate done files
2015-07-29 15:28:43,362 INFO org.apache.hadoop.mapreduce.v2.hs.JobHistory: Starting scan to move intermediate done files
2015-07-29 15:31:43,362 INFO org.apache.hadoop.mapreduce.v2.hs.JobHistory: Starting scan to move intermediate done files
2015-07-29 15:34:43,362 INFO org.apache.hadoop.mapreduce.v2.hs.JobHistory: Starting scan to move intermediate done files
2015-07-29 15:37:43,362 INFO org.apache.hadoop.mapreduce.v2.hs.JobHistory: Starting scan to move intermediate done files
2015-07-29 15:40:43,362 INFO org.apache.hadoop.mapreduce.v2.hs.JobHistory: Starting scan to move intermediate done files
2015-07-29 15:43:43,362 INFO org.apache.hadoop.mapreduce.v2.hs.JobHistory: Starting scan to move intermediate done files
2015-07-29 15:46:43,362 INFO org.apache.hadoop.mapreduce.v2.hs.JobHistory: Starting scan to move intermediate done files
2015-07-29 15:49:43,362 INFO org.apache.hadoop.mapreduce.v2.hs.JobHistory: Starting scan to move intermediate done files
2015-07-29 15:52:43,362 INFO org.apache.hadoop.mapreduce.v2.hs.JobHistory: Starting scan to move intermediate done files
2015-07-29 15:55:43,362 INFO org.apache.hadoop.mapreduce.v2.hs.JobHistory: Starting scan to move intermediate done files
2015-07-29 15:58:43,362 INFO org.apache.hadoop.mapreduce.v2.hs.JobHistory: Starting scan to move intermediate done files
2015-07-29 16:01:43,362 INFO org.apache.hadoop.mapreduce.v2.hs.JobHistory: Starting scan to move intermediate done files
2015-07-29 16:04:43,362 INFO org.apache.hadoop.mapreduce.v2.hs.JobHistory: Starting scan to move intermediate done files
2015-07-29 16:07:43,362 INFO org.apache.hadoop.mapreduce.v2.hs.JobHistory: Starting scan to move intermediate done files
2015-07-29 16:10:43,362 INFO org.apache.hadoop.mapreduce.v2.hs.JobHistory: Starting scan to move intermediate done files
2015-07-29 16:13:43,362 INFO org.apache.hadoop.mapreduce.v2.hs.JobHistory: Starting scan to move intermediate done files
2015-07-29 16:16:43,362 INFO org.apache.hadoop.mapreduce.v2.hs.JobHistory: Starting scan to move intermediate done files
2015-07-29 16:19:43,362 INFO org.apache.hadoop.mapreduce.v2.hs.JobHistory: Starting scan to move intermediate done files
2015-07-29 16:22:43,362 INFO org.apache.hadoop.mapreduce.v2.hs.JobHistory: Starting scan to move intermediate done files
2015-07-29 16:25:43,362 INFO org.apache.hadoop.mapreduce.v2.hs.JobHistory: Starting scan to move intermediate done files
